[2019-11-02T15:14:03.128] [DEBUG] cheese - login => username:admin,password:123456
[2019-11-02T15:14:03.131] [DEBUG] cheese - admin
[2019-11-02T15:14:03.150] [DEBUG] cheese - null
[2019-11-02T15:14:03.151] [DEBUG] cheese - null
[2019-11-03T11:32:52.120] [DEBUG] cheese - login => username:admin,password:123456
[2019-11-03T11:32:52.126] [DEBUG] cheese - admin
[2019-11-03T11:32:52.346] [DEBUG] cheese - null
[2019-11-03T11:32:52.348] [DEBUG] cheese - null
[2019-11-03T11:33:47.324] [DEBUG] cheese - login => username:admin,password:123456
[2019-11-03T11:33:47.325] [DEBUG] cheese - admin
[2019-11-03T11:33:47.339] [DEBUG] cheese - null
[2019-11-03T11:33:47.340] [DEBUG] cheese - null
[2019-11-03T11:33:50.468] [DEBUG] cheese - login => username:admin,password:123456
[2019-11-03T11:33:50.469] [DEBUG] cheese - admin
[2019-11-03T11:33:50.476] [DEBUG] cheese - null
[2019-11-03T11:33:50.476] [DEBUG] cheese - null
[2019-11-03T11:34:03.214] [DEBUG] cheese - login => username:admin1,password:123456
[2019-11-03T11:34:03.215] [DEBUG] cheese - admin1
[2019-11-03T11:34:03.219] [DEBUG] cheese - null
[2019-11-03T11:34:03.219] [DEBUG] cheese - null
[2019-11-03T11:34:49.216] [DEBUG] cheese - login => username:admin,password:123456
[2019-11-03T11:34:49.216] [DEBUG] cheese - admin
[2019-11-03T11:34:49.223] [DEBUG] cheese - null
[2019-11-03T11:34:49.223] [DEBUG] cheese - null
[2019-11-03T11:38:58.057] [DEBUG] cheese - login => username:admin,password:123456
[2019-11-03T11:38:58.058] [DEBUG] cheese - admin
[2019-11-03T11:38:58.064] [DEBUG] cheese - null
[2019-11-03T11:38:58.064] [DEBUG] cheese - null
[2019-11-03T11:39:04.014] [DEBUG] cheese - login => username:admin,password:123456
[2019-11-03T11:39:04.015] [DEBUG] cheese - admin
[2019-11-03T11:39:04.020] [DEBUG] cheese - null
[2019-11-03T11:39:04.020] [DEBUG] cheese - null
[2019-11-03T14:09:10.954] [DEBUG] cheese - login => username:admin,password:123456
[2019-11-03T14:09:10.956] [DEBUG] cheese - admin
[2019-11-03T14:09:11.077] [DEBUG] cheese - null
[2019-11-03T14:09:11.078] [DEBUG] cheese - null
[2019-11-03T14:09:23.784] [DEBUG] cheese - login => username:admin1111,password:123456
[2019-11-03T14:09:23.784] [DEBUG] cheese - admin1111
[2019-11-03T14:09:23.792] [DEBUG] cheese - null
[2019-11-03T14:09:23.792] [DEBUG] cheese - null
[2019-11-03T14:22:15.982] [DEBUG] cheese - login => username:admin111,password:123456
[2019-11-03T14:22:15.983] [DEBUG] cheese - admin111
[2019-11-03T14:22:15.988] [DEBUG] cheese - null
[2019-11-03T14:22:15.989] [DEBUG] cheese - null
[2019-11-03T14:22:40.027] [DEBUG] cheese - login => username:admin1,password:123456
[2019-11-03T14:22:40.028] [DEBUG] cheese - admin1
[2019-11-03T14:22:40.031] [DEBUG] cheese - null
[2019-11-03T14:22:40.031] [DEBUG] cheese - null
[2019-11-03T14:23:28.736] [DEBUG] cheese - login => username:admin111,password:123456
[2019-11-03T14:23:28.736] [DEBUG] cheese - admin111
[2019-11-03T14:23:28.739] [DEBUG] cheese - null
[2019-11-03T14:23:28.740] [DEBUG] cheese - null
[2019-11-03T14:24:19.543] [DEBUG] cheese - login => username:admin1,password:123456
[2019-11-03T14:24:19.543] [DEBUG] cheese - admin1
[2019-11-03T14:24:19.545] [DEBUG] cheese - null
[2019-11-03T14:24:19.546] [DEBUG] cheese - null
[2019-11-03T14:31:57.325] [DEBUG] cheese - login => username:admin,password:123456
[2019-11-03T14:31:57.325] [DEBUG] cheese - admin
[2019-11-03T14:31:57.330] [DEBUG] cheese - null
[2019-11-03T14:31:57.330] [DEBUG] cheese - null
[2019-11-03T14:45:14.276] [DEBUG] cheese - login => username:admin,password:123456
[2019-11-03T14:45:14.276] [DEBUG] cheese - admin
[2019-11-03T14:45:14.280] [DEBUG] cheese - null
[2019-11-03T14:45:14.280] [DEBUG] cheese - null
[2019-11-03T14:46:31.809] [DEBUG] cheese - login => username:admin,password:123456
[2019-11-03T14:46:31.809] [DEBUG] cheese - admin
[2019-11-03T14:46:31.812] [DEBUG] cheese - null
[2019-11-03T14:46:31.813] [DEBUG] cheese - null
[2019-11-03T14:49:01.466] [DEBUG] cheese - login => username:admin,password:123456
[2019-11-03T14:49:01.466] [DEBUG] cheese - admin
[2019-11-03T14:49:01.470] [DEBUG] cheese - null
[2019-11-03T14:49:01.470] [DEBUG] cheese - null
[2019-11-03T15:18:37.046] [DEBUG] cheese - login => username:admin,password:123456
[2019-11-03T15:18:37.046] [DEBUG] cheese - admin
[2019-11-03T15:18:37.048] [DEBUG] cheese - null
[2019-11-03T15:18:37.048] [DEBUG] cheese - null
[2019-11-03T15:19:02.501] [DEBUG] cheese - login => username:admin,password:123456
[2019-11-03T15:19:02.501] [DEBUG] cheese - admin
[2019-11-03T15:19:02.504] [DEBUG] cheese - null
[2019-11-03T15:19:02.504] [DEBUG] cheese - null
[2019-11-03T16:16:58.493] [DEBUG] cheese - login => username:admin,password:123456
[2019-11-03T16:16:58.493] [DEBUG] cheese - admin
[2019-11-03T16:16:58.495] [DEBUG] cheese - null
[2019-11-03T16:16:58.495] [DEBUG] cheese - null
[2019-11-03T18:54:19.909] [DEBUG] cheese - login => username:admin,password:123456
[2019-11-03T18:54:19.909] [DEBUG] cheese - admin
[2019-11-03T18:54:19.915] [DEBUG] cheese - null
[2019-11-03T18:54:19.915] [DEBUG] cheese - null
[2019-11-03T19:15:12.719] [DEBUG] cheese - login => username:admin,password:123456
[2019-11-03T19:15:12.719] [DEBUG] cheese - admin
[2019-11-03T19:15:12.722] [DEBUG] cheese - null
[2019-11-03T19:15:12.722] [DEBUG] cheese - null
[2019-11-03T19:18:24.965] [DEBUG] cheese - login => username:admin,password:123456
[2019-11-03T19:18:24.965] [DEBUG] cheese - admin
[2019-11-03T19:18:24.969] [DEBUG] cheese - null
[2019-11-03T19:18:24.970] [DEBUG] cheese - null
[2019-11-03T19:42:11.650] [DEBUG] cheese - login => username:admin,password:123456
[2019-11-03T19:42:11.652] [DEBUG] cheese - admin
[2019-11-03T19:42:11.655] [DEBUG] cheese - null
[2019-11-03T19:42:11.655] [DEBUG] cheese - null
[2019-11-03T20:03:19.471] [DEBUG] cheese - login => username:admin,password:123456
[2019-11-03T20:03:19.472] [DEBUG] cheese - admin
[2019-11-03T20:03:19.474] [DEBUG] cheese - null
[2019-11-03T20:03:19.474] [DEBUG] cheese - null
[2019-11-03T20:04:21.527] [DEBUG] cheese - login => username:admin,password:123456
[2019-11-03T20:04:21.527] [DEBUG] cheese - admin
[2019-11-03T20:04:21.529] [DEBUG] cheese - null
[2019-11-03T20:04:21.529] [DEBUG] cheese - null
[2019-11-05T08:57:51.771] [DEBUG] cheese - login => username:admin,password:123456
[2019-11-05T08:57:51.776] [DEBUG] cheese - admin
[2019-11-05T08:57:51.892] [DEBUG] cheese - null
[2019-11-05T08:57:51.893] [DEBUG] cheese - null
[2019-11-05T10:07:59.752] [DEBUG] cheese - login => username:admin,password:123456
[2019-11-05T10:07:59.752] [DEBUG] cheese - admin
[2019-11-05T10:07:59.755] [DEBUG] cheese - null
[2019-11-05T10:07:59.755] [DEBUG] cheese - null
[2019-11-05T14:15:01.007] [DEBUG] cheese - login => username:admin,password:123456
[2019-11-05T14:15:01.011] [DEBUG] cheese - admin
[2019-11-05T14:15:01.113] [DEBUG] cheese - null
[2019-11-05T14:15:01.114] [DEBUG] cheese - null
[2019-11-05T15:06:45.386] [DEBUG] cheese - login => username:admin,password:123456
[2019-11-05T15:06:45.387] [DEBUG] cheese - admin
[2019-11-05T15:06:45.393] [DEBUG] cheese - null
[2019-11-05T15:06:45.393] [DEBUG] cheese - null
[2019-11-05T18:14:31.196] [DEBUG] cheese - login => username:admin,password:123456
[2019-11-05T18:14:31.201] [DEBUG] cheese - admin
[2019-11-05T18:14:31.237] [DEBUG] cheese - null
[2019-11-05T18:14:31.241] [DEBUG] cheese - null
[2019-11-06T09:00:45.033] [DEBUG] cheese - login => username:admin,password:123456
[2019-11-06T09:00:45.036] [DEBUG] cheese - admin
[2019-11-06T09:00:45.175] [DEBUG] cheese - null
[2019-11-06T09:00:45.176] [DEBUG] cheese - null
[2019-11-06T14:21:25.947] [DEBUG] cheese - login => username:admin,password:123456
[2019-11-06T14:21:25.954] [DEBUG] cheese - admin
[2019-11-06T14:21:26.044] [DEBUG] cheese - null
[2019-11-06T14:21:26.045] [DEBUG] cheese - null
[2019-11-06T14:24:31.293] [DEBUG] cheese - login => username:admin,password:123456
[2019-11-06T14:24:31.293] [DEBUG] cheese - admin
[2019-11-06T14:24:31.298] [DEBUG] cheese - null
[2019-11-06T14:24:31.298] [DEBUG] cheese - null
[2019-11-06T18:20:14.597] [DEBUG] cheese - login => username:admin,password:123456
[2019-11-06T18:20:14.597] [DEBUG] cheese - admin
[2019-11-06T18:20:14.601] [DEBUG] cheese - null
[2019-11-06T18:20:14.601] [DEBUG] cheese - null
[2019-11-08T08:59:51.350] [DEBUG] cheese - login => username:admin,password:123456
[2019-11-08T08:59:51.353] [DEBUG] cheese - admin
[2019-11-08T08:59:51.420] [DEBUG] cheese - null
[2019-11-08T08:59:51.421] [DEBUG] cheese - null
[2019-11-08T08:59:51.635] [DEBUG] cheese - login => username:admin,password:123456
[2019-11-08T08:59:51.635] [DEBUG] cheese - admin
[2019-11-08T08:59:51.642] [DEBUG] cheese - null
[2019-11-08T08:59:51.642] [DEBUG] cheese - null
[2019-11-08T09:03:03.758] [DEBUG] cheese - login => username:admin,password:123456
[2019-11-08T09:03:03.758] [DEBUG] cheese - admin
[2019-11-08T09:03:03.762] [DEBUG] cheese - null
[2019-11-08T09:03:03.762] [DEBUG] cheese - null
[2019-11-08T11:32:52.991] [DEBUG] cheese - login => username:admin,password:123456
[2019-11-08T11:32:52.991] [DEBUG] cheese - admin
[2019-11-08T11:32:52.997] [DEBUG] cheese - null
[2019-11-08T11:32:52.997] [DEBUG] cheese - null
[2019-11-08T14:50:37.048] [DEBUG] cheese - login => username:admin,password:123456
[2019-11-08T14:50:37.051] [DEBUG] cheese - admin
[2019-11-08T14:50:37.110] [DEBUG] cheese - null
[2019-11-08T14:50:37.111] [DEBUG] cheese - null
[2019-11-08T16:20:58.718] [DEBUG] cheese - login => username:admin,password:123456
[2019-11-08T16:20:58.718] [DEBUG] cheese - admin
[2019-11-08T16:20:58.722] [DEBUG] cheese - null
[2019-11-08T16:20:58.722] [DEBUG] cheese - null
[2019-11-09T09:00:30.879] [DEBUG] cheese - login => username:admin,password:123456
[2019-11-09T09:00:30.884] [DEBUG] cheese - admin
[2019-11-09T09:00:31.013] [DEBUG] cheese - null
[2019-11-09T09:00:31.014] [DEBUG] cheese - null
[2019-11-09T10:11:55.199] [DEBUG] cheese - login => username:admin,password:123456
[2019-11-09T10:11:55.199] [DEBUG] cheese - admin
[2019-11-09T10:11:55.206] [DEBUG] cheese - null
[2019-11-09T10:11:55.207] [DEBUG] cheese - null
[2019-11-09T15:28:42.855] [DEBUG] cheese - login => username:admin,password:123456
[2019-11-09T15:28:42.858] [DEBUG] cheese - admin
[2019-11-09T15:28:42.926] [DEBUG] cheese - null
[2019-11-09T15:28:42.928] [DEBUG] cheese - null
[2019-11-11T15:38:51.062] [DEBUG] cheese - login => username:admin,password:123456
[2019-11-11T15:38:51.064] [DEBUG] cheese - admin
[2019-11-11T15:38:51.201] [DEBUG] cheese - null
[2019-11-11T15:38:51.202] [DEBUG] cheese - null
[2019-11-12T11:26:41.842] [DEBUG] cheese - login => username:admin,password:123456
[2019-11-12T11:26:41.847] [DEBUG] cheese - admin
[2019-11-12T11:26:41.923] [DEBUG] cheese - null
[2019-11-12T11:26:41.925] [DEBUG] cheese - null
[2019-11-12T11:29:02.554] [DEBUG] cheese - login => username:admin,password:123456
[2019-11-12T11:29:02.555] [DEBUG] cheese - admin
[2019-11-12T11:29:02.568] [DEBUG] cheese - null
[2019-11-12T11:29:02.568] [DEBUG] cheese - null
[2019-11-12T11:30:56.978] [DEBUG] cheese - login => username:admin,password:123456
[2019-11-12T11:30:56.979] [DEBUG] cheese - admin
[2019-11-12T11:30:56.984] [DEBUG] cheese - null
[2019-11-12T11:30:56.985] [DEBUG] cheese - null
[2019-11-12T11:47:25.336] [DEBUG] cheese - login => username:admin,password:123456
[2019-11-12T11:47:25.346] [DEBUG] cheese - admin
[2019-11-12T11:47:25.390] [DEBUG] cheese - null
[2019-11-12T11:47:25.392] [DEBUG] cheese - null
[2019-11-12T11:49:50.874] [DEBUG] cheese - login => username:admin,password:123456
[2019-11-12T11:49:50.874] [DEBUG] cheese - admin
[2019-11-12T11:49:50.880] [DEBUG] cheese - null
[2019-11-12T11:49:50.880] [DEBUG] cheese - null
[2019-11-12T11:52:02.022] [DEBUG] cheese - login => username:admin,password:123456
[2019-11-12T11:52:02.022] [DEBUG] cheese - admin
[2019-11-12T11:52:02.029] [DEBUG] cheese - null
[2019-11-12T11:52:02.029] [DEBUG] cheese - null
[2019-11-12T11:55:13.336] [DEBUG] cheese - login => username:admin,password:123456
[2019-11-12T11:55:13.337] [DEBUG] cheese - admin
[2019-11-12T11:55:13.342] [DEBUG] cheese - null
[2019-11-12T11:55:13.343] [DEBUG] cheese - null
[2019-11-12T15:09:04.642] [DEBUG] cheese - login => username:admin,password:123456
[2019-11-12T15:09:04.645] [DEBUG] cheese - admin
[2019-11-12T15:09:04.707] [DEBUG] cheese - null
[2019-11-12T15:09:04.708] [DEBUG] cheese - null
[2019-11-14T10:31:38.078] [DEBUG] cheese - login => username:admin,password:123456
[2019-11-14T10:31:38.080] [DEBUG] cheese - admin
[2019-11-14T10:31:38.123] [DEBUG] cheese - null
[2019-11-14T10:31:38.124] [DEBUG] cheese - null
[2019-11-14T10:34:24.403] [DEBUG] cheese - login => username:admin,password:123456
[2019-11-14T10:34:24.404] [DEBUG] cheese - admin
[2019-11-14T10:34:24.408] [DEBUG] cheese - null
[2019-11-14T10:34:24.408] [DEBUG] cheese - null
[2019-11-21T18:39:09.285] [DEBUG] cheese - login => username:admin,password:123456
[2019-11-21T18:39:09.287] [DEBUG] cheese - admin
[2019-11-21T18:39:09.401] [DEBUG] cheese - null
[2019-11-21T18:39:09.402] [DEBUG] cheese - null
[2019-11-21T18:42:36.447] [DEBUG] cheese - login => username:admin,password:123456
[2019-11-21T18:42:36.447] [DEBUG] cheese - admin
[2019-11-21T18:42:36.451] [DEBUG] cheese - null
[2019-11-21T18:42:36.451] [DEBUG] cheese - null
[2019-11-21T18:56:34.847] [DEBUG] cheese - login => username:admin,password:123456
[2019-11-21T18:56:34.848] [DEBUG] cheese - admin
[2019-11-21T18:56:34.854] [DEBUG] cheese - null
[2019-11-21T18:56:34.854] [DEBUG] cheese - null
[2019-11-21T18:56:41.030] [DEBUG] cheese - login => username:admin,password:123456
[2019-11-21T18:56:41.030] [DEBUG] cheese - admin
[2019-11-21T18:56:41.037] [DEBUG] cheese - null
[2019-11-21T18:56:41.037] [DEBUG] cheese - null
[2019-11-21T18:57:43.914] [DEBUG] cheese - login => username:admin,password:123456
[2019-11-21T18:57:43.915] [DEBUG] cheese - admin
[2019-11-21T18:57:43.920] [DEBUG] cheese - null
[2019-11-21T18:57:43.920] [DEBUG] cheese - null
[2019-11-23T09:17:59.205] [DEBUG] cheese - login => username:admin,password:123456
[2019-11-23T09:17:59.209] [DEBUG] cheese - admin
[2019-11-23T09:17:59.280] [DEBUG] cheese - null
[2019-11-23T09:17:59.281] [DEBUG] cheese - null
[2019-12-10T09:11:04.802] [DEBUG] cheese - login => username:admin,password:123456
[2019-12-10T09:11:04.805] [DEBUG] cheese - admin
[2019-12-10T09:11:04.875] [DEBUG] cheese - null
[2019-12-10T09:11:04.876] [DEBUG] cheese - null
[2019-12-14T11:19:48.121] [DEBUG] cheese - login => username:admin,password:123456
[2019-12-14T11:19:48.123] [DEBUG] cheese - admin
[2019-12-14T11:19:48.182] [DEBUG] cheese - null
[2019-12-14T11:19:48.183] [DEBUG] cheese - null
[2019-12-18T19:52:47.967] [DEBUG] cheese - login => username:admin,password:123456
[2019-12-18T19:52:47.973] [DEBUG] cheese - admin
[2019-12-18T19:52:48.003] [DEBUG] cheese - null
[2019-12-18T19:52:48.004] [DEBUG] cheese - null
[2019-12-18T19:53:06.450] [DEBUG] cheese - login => username:admin,password:1234567
[2019-12-18T19:53:06.451] [DEBUG] cheese - admin
[2019-12-18T19:53:06.457] [DEBUG] cheese - null
[2019-12-18T19:53:06.458] [DEBUG] cheese - null
[2019-12-20T16:22:34.038] [DEBUG] cheese - login => username:admin,password:123456
[2019-12-20T16:22:34.042] [DEBUG] cheese - admin
[2019-12-20T16:22:34.117] [DEBUG] cheese - null
[2019-12-20T16:22:34.119] [DEBUG] cheese - null
[2019-12-20T19:41:45.674] [DEBUG] cheese - login => username:admin,password:123456
[2019-12-20T19:41:45.674] [DEBUG] cheese - admin
[2019-12-20T19:41:45.678] [DEBUG] cheese - null
[2019-12-20T19:41:45.678] [DEBUG] cheese - null
[2019-12-21T10:55:41.982] [DEBUG] cheese - login => username:admin,password:123456
[2019-12-21T10:55:41.987] [DEBUG] cheese - admin
[2019-12-21T10:55:42.062] [DEBUG] cheese - null
[2019-12-21T10:55:42.064] [DEBUG] cheese - null
[2019-12-21T11:04:01.729] [DEBUG] cheese - login => username:admin,password:123456
[2019-12-21T11:04:01.730] [DEBUG] cheese - admin
[2019-12-21T11:04:01.737] [DEBUG] cheese - null
[2019-12-21T11:04:01.737] [DEBUG] cheese - null
[2019-12-21T11:12:56.528] [DEBUG] cheese - login => username:admin,password:123456
[2019-12-21T11:12:56.529] [DEBUG] cheese - admin
[2019-12-21T11:12:56.536] [DEBUG] cheese - null
[2019-12-21T11:12:56.536] [DEBUG] cheese - null
[2019-12-21T11:13:51.508] [DEBUG] cheese - login => username:admin,password:123456
[2019-12-21T11:13:51.509] [DEBUG] cheese - admin
[2019-12-21T11:13:51.517] [DEBUG] cheese - null
[2019-12-21T11:13:51.517] [DEBUG] cheese - null
[2019-12-21T11:22:19.981] [DEBUG] cheese - login => username:admin,password:123456
[2019-12-21T11:22:19.981] [DEBUG] cheese - admin
[2019-12-21T11:22:19.989] [DEBUG] cheese - null
[2019-12-21T11:22:19.990] [DEBUG] cheese - null
[2019-12-21T11:52:22.607] [DEBUG] cheese - login => username:admin,password:123456
[2019-12-21T11:52:22.608] [DEBUG] cheese - admin
[2019-12-21T11:52:22.615] [DEBUG] cheese - null
[2019-12-21T11:52:22.615] [DEBUG] cheese - null
[2019-12-24T15:35:32.165] [DEBUG] cheese - login => username:admin,password:123456
[2019-12-24T15:35:32.168] [DEBUG] cheese - admin
[2019-12-24T15:35:32.301] [DEBUG] cheese - null
[2019-12-24T15:35:32.303] [DEBUG] cheese - null
[2019-12-24T15:37:14.435] [DEBUG] cheese - null
[2019-12-24T16:12:31.131] [DEBUG] cheese - login => username:admin,password:123456
[2019-12-24T16:12:31.133] [DEBUG] cheese - admin
[2019-12-24T16:12:31.151] [DEBUG] cheese - null
[2019-12-24T16:12:31.152] [DEBUG] cheese - null
[2019-12-24T16:13:03.233] [DEBUG] cheese - null
[2019-12-24T16:14:45.156] [DEBUG] cheese - login => username:admin,password:123456
[2019-12-24T16:14:45.156] [DEBUG] cheese - admin
[2019-12-24T16:14:45.162] [DEBUG] cheese - null
[2019-12-24T16:14:45.162] [DEBUG] cheese - null
[2019-12-24T16:15:24.570] [DEBUG] cheese - null
[2019-12-26T14:53:52.431] [DEBUG] cheese - login => username:admin,password:123456
[2019-12-26T14:53:52.434] [DEBUG] cheese - admin
[2019-12-26T14:53:52.544] [DEBUG] cheese - null
[2019-12-26T14:53:52.545] [DEBUG] cheese - null
[2019-12-27T10:50:31.946] [DEBUG] cheese - login => username:admin,password:123456
[2019-12-27T10:50:31.951] [DEBUG] cheese - admin
[2019-12-27T10:50:32.039] [DEBUG] cheese - null
[2019-12-27T10:50:32.040] [DEBUG] cheese - null
[2019-12-27T11:24:12.611] [DEBUG] cheese - login => username:admin,password:123456
[2019-12-27T11:24:12.611] [DEBUG] cheese - admin
[2019-12-27T11:24:12.622] [DEBUG] cheese - null
[2019-12-27T11:24:12.622] [DEBUG] cheese - null
[2019-12-27T11:38:02.226] [DEBUG] cheese - login => username:admin,password:123456
[2019-12-27T11:38:02.230] [DEBUG] cheese - admin
[2019-12-27T11:38:02.297] [DEBUG] cheese - null
[2019-12-27T11:38:02.298] [DEBUG] cheese - null
[2019-12-27T18:11:35.200] [DEBUG] cheese - login => username:admin,password:123456
[2019-12-27T18:11:35.202] [DEBUG] cheese - admin
[2019-12-27T18:11:35.263] [DEBUG] cheese - null
[2019-12-27T18:11:35.264] [DEBUG] cheese - null
[2019-12-29T09:10:27.396] [DEBUG] cheese - login => username:admin,password:123456
[2019-12-29T09:10:27.399] [DEBUG] cheese - admin
[2019-12-29T09:10:27.498] [DEBUG] cheese - null
[2019-12-29T09:10:27.499] [DEBUG] cheese - null
[2019-12-29T09:12:44.245] [DEBUG] cheese - login => username:admin,password:123456
[2019-12-29T09:12:44.245] [DEBUG] cheese - admin
[2019-12-29T09:12:44.251] [DEBUG] cheese - null
[2019-12-29T09:12:44.251] [DEBUG] cheese - null
[2019-12-29T09:43:22.412] [DEBUG] cheese - login => username:admin,password:123456
[2019-12-29T09:43:22.412] [DEBUG] cheese - admin
[2019-12-29T09:43:22.416] [DEBUG] cheese - null
[2019-12-29T09:43:22.416] [DEBUG] cheese - null
[2019-12-29T09:53:54.253] [DEBUG] cheese - login => username:admin,password:123456
[2019-12-29T09:53:54.253] [DEBUG] cheese - admin
[2019-12-29T09:53:54.256] [DEBUG] cheese - null
[2019-12-29T09:53:54.257] [DEBUG] cheese - null
[2019-12-29T09:56:46.159] [DEBUG] cheese - login => username:admin,password:123456
[2019-12-29T09:56:46.160] [DEBUG] cheese - admin
[2019-12-29T09:56:46.164] [DEBUG] cheese - null
[2019-12-29T09:56:46.165] [DEBUG] cheese - null
[2019-12-29T09:59:41.113] [DEBUG] cheese - login => username:admin,password:123456
[2019-12-29T09:59:41.114] [DEBUG] cheese - admin
[2019-12-29T09:59:41.118] [DEBUG] cheese - null
[2019-12-29T09:59:41.118] [DEBUG] cheese - null
[2019-12-29T11:22:36.103] [DEBUG] cheese - login => username:admin,password:123456
[2019-12-29T11:22:36.103] [DEBUG] cheese - admin
[2019-12-29T11:22:36.107] [DEBUG] cheese - null
[2019-12-29T11:22:36.107] [DEBUG] cheese - null
[2019-12-29T11:25:13.532] [DEBUG] cheese - login => username:admin,password:123456
[2019-12-29T11:25:13.532] [DEBUG] cheese - admin
[2019-12-29T11:25:13.536] [DEBUG] cheese - null
[2019-12-29T11:25:13.536] [DEBUG] cheese - null
[2019-12-29T11:32:53.982] [DEBUG] cheese - login => username:admin,password:123456
[2019-12-29T11:32:53.983] [DEBUG] cheese - admin
[2019-12-29T11:32:53.986] [DEBUG] cheese - null
[2019-12-29T11:32:53.987] [DEBUG] cheese - null
[2019-12-29T18:21:06.231] [DEBUG] cheese - login => username:admin,password:123456
[2019-12-29T18:21:06.237] [DEBUG] cheese - admin
[2019-12-29T18:21:06.307] [DEBUG] cheese - null
[2019-12-29T18:21:06.308] [DEBUG] cheese - null
[2020-01-10T09:10:29.826] [DEBUG] cheese - login => username:admin,password:123456
[2020-01-10T09:10:29.828] [DEBUG] cheese - admin
[2020-01-10T09:10:29.893] [DEBUG] cheese - null
[2020-01-10T09:10:29.894] [DEBUG] cheese - null
<<<<<<< HEAD
=======
[2020-04-02T09:23:10.639] [DEBUG] cheese - login => username:admin,password:123456
[2020-04-02T09:23:10.642] [DEBUG] cheese - admin
[2020-04-02T09:23:10.675] [DEBUG] cheese - null
[2020-04-02T09:23:10.676] [DEBUG] cheese - null
>>>>>>> 完成登录显示功能
[2020-04-02T16:45:40.843] [DEBUG] cheese - login => username:admin,password:123456
[2020-04-02T16:45:40.849] [DEBUG] cheese - admin
[2020-04-02T16:45:40.882] [DEBUG] cheese - null
[2020-04-02T16:45:40.883] [DEBUG] cheese - null
[2020-04-02T16:52:49.401] [DEBUG] cheese - login => username:asdfdfdf,password:123456
[2020-04-02T16:52:49.401] [DEBUG] cheese - asdfdfdf
[2020-04-02T16:52:49.414] [DEBUG] cheese - null
[2020-04-02T16:52:49.415] [DEBUG] cheese - null
[2020-04-02T17:12:13.459] [DEBUG] cheese - login => username:admin,password:123456
[2020-04-02T17:12:13.459] [DEBUG] cheese - admin
[2020-04-02T17:12:13.471] [DEBUG] cheese - null
[2020-04-02T17:12:13.471] [DEBUG] cheese - null
[2020-04-02T17:50:19.167] [DEBUG] cheese - login => username:admin,password:123456
[2020-04-02T17:50:19.167] [DEBUG] cheese - admin
[2020-04-02T17:50:19.177] [DEBUG] cheese - null
[2020-04-02T17:50:19.177] [DEBUG] cheese - null
[2020-04-02T17:57:48.874] [DEBUG] cheese - login => username:admin,password:123456
[2020-04-02T17:57:48.874] [DEBUG] cheese - admin
[2020-04-02T17:57:48.886] [DEBUG] cheese - null
[2020-04-02T17:57:48.886] [DEBUG] cheese - null
[2020-04-02T17:58:37.877] [DEBUG] cheese - login => username:sdfdf,password:1233434
[2020-04-02T17:58:37.877] [DEBUG] cheese - sdfdf
[2020-04-02T17:58:37.884] [DEBUG] cheese - null
[2020-04-02T17:58:37.884] [DEBUG] cheese - null
[2020-04-02T17:58:43.670] [DEBUG] cheese - login => username:admin,password:123456
[2020-04-02T17:58:43.671] [DEBUG] cheese - admin
[2020-04-02T17:58:43.675] [DEBUG] cheese - null
[2020-04-02T17:58:43.675] [DEBUG] cheese - null
[2020-04-03T08:51:01.941] [DEBUG] cheese - login => username:admin,password:123456
[2020-04-03T08:51:01.943] [DEBUG] cheese - admin
[2020-04-03T08:51:01.977] [DEBUG] cheese - null
[2020-04-03T08:51:01.978] [DEBUG] cheese - null
[2020-04-03T09:23:29.471] [DEBUG] cheese - login => username:admin,password:123456
[2020-04-03T09:23:29.471] [DEBUG] cheese - admin
[2020-04-03T09:23:29.483] [DEBUG] cheese - null
[2020-04-03T09:23:29.483] [DEBUG] cheese - null
[2020-04-03T11:10:04.334] [DEBUG] cheese - login => username:admin,password:123456
[2020-04-03T11:10:04.334] [DEBUG] cheese - admin
[2020-04-03T11:10:04.341] [DEBUG] cheese - null
[2020-04-03T11:10:04.342] [DEBUG] cheese - null
[2020-04-03T11:20:54.249] [DEBUG] cheese - login => username:admin,password:123456
[2020-04-03T11:20:54.249] [DEBUG] cheese - admin
[2020-04-03T11:20:54.265] [DEBUG] cheese - null
[2020-04-03T11:20:54.265] [DEBUG] cheese - null
[2020-04-03T11:26:37.233] [DEBUG] cheese - login => username:admin,password:123456
[2020-04-03T11:26:37.234] [DEBUG] cheese - admin
[2020-04-03T11:26:37.243] [DEBUG] cheese - null
[2020-04-03T11:26:37.244] [DEBUG] cheese - null
[2020-04-03T15:02:29.696] [DEBUG] cheese - login => username:admin,password:123456
[2020-04-03T15:02:29.696] [DEBUG] cheese - admin
[2020-04-03T15:02:29.706] [DEBUG] cheese - null
[2020-04-03T15:02:29.706] [DEBUG] cheese - null
[2020-04-03T16:23:42.812] [DEBUG] cheese - login => username:admin,password:123456
[2020-04-03T16:23:42.812] [DEBUG] cheese - admin
[2020-04-03T16:23:42.822] [DEBUG] cheese - null
[2020-04-03T16:23:42.822] [DEBUG] cheese - null
[2020-04-03T17:05:32.552] [DEBUG] cheese - login => username:admin,password:123456
[2020-04-03T17:05:32.553] [DEBUG] cheese - admin
[2020-04-03T17:05:32.567] [DEBUG] cheese - null
[2020-04-03T17:05:32.567] [DEBUG] cheese - null
[2020-04-05T08:48:17.968] [DEBUG] cheese - login => username:admin,password:123456
[2020-04-05T08:48:17.970] [DEBUG] cheese - admin
[2020-04-05T08:48:18.006] [DEBUG] cheese - null
[2020-04-05T08:48:18.007] [DEBUG] cheese - null
[2020-04-05T08:48:22.237] [DEBUG] cheese - login => username:admin,password:123456
[2020-04-05T08:48:22.237] [DEBUG] cheese - admin
[2020-04-05T08:48:22.241] [DEBUG] cheese - null
[2020-04-05T08:48:22.241] [DEBUG] cheese - null
[2020-04-06T08:57:21.379] [DEBUG] cheese - login => username:admin,password:123456
[2020-04-06T08:57:21.383] [DEBUG] cheese - admin
[2020-04-06T08:57:21.430] [DEBUG] cheese - null
[2020-04-06T08:57:21.432] [DEBUG] cheese - null
[2020-04-06T10:59:54.032] [DEBUG] cheese - null
[2020-04-06T11:00:07.055] [DEBUG] cheese - null
[2020-04-06T11:01:59.345] [DEBUG] cheese - null
[2020-04-06T11:02:11.485] [DEBUG] cheese - null
[2020-04-06T11:02:22.383] [DEBUG] cheese - null
[2020-04-06T11:02:34.739] [DEBUG] cheese - null
[2020-04-06T11:05:13.418] [DEBUG] cheese - null
[2020-04-06T11:06:36.485] [DEBUG] cheese - null
[2020-04-06T11:06:41.306] [DEBUG] cheese - null
[2020-04-07T08:57:28.507] [DEBUG] cheese - login => username:admin,password:123456
[2020-04-07T08:57:28.509] [DEBUG] cheese - admin
[2020-04-07T08:57:28.541] [DEBUG] cheese - null
[2020-04-07T08:57:28.543] [DEBUG] cheese - null
[2020-04-08T10:03:08.345] [DEBUG] cheese - login => username:admin,password:123456
[2020-04-08T10:03:08.347] [DEBUG] cheese - admin
[2020-04-08T10:03:08.371] [DEBUG] cheese - null
[2020-04-08T10:03:08.373] [DEBUG] cheese - null
[2020-04-09T09:00:53.859] [DEBUG] cheese - login => username:admin,password:123456
[2020-04-09T09:00:53.863] [DEBUG] cheese - admin
[2020-04-09T09:00:53.892] [DEBUG] cheese - null
[2020-04-09T09:00:53.893] [DEBUG] cheese - null
[2020-04-10T08:53:45.793] [DEBUG] cheese - login => username:admin,password:123456
[2020-04-10T08:53:45.796] [DEBUG] cheese - admin
[2020-04-10T08:53:45.826] [DEBUG] cheese - null
[2020-04-10T08:53:45.827] [DEBUG] cheese - null
[2020-04-12T10:54:18.767] [DEBUG] cheese - login => username:admin,password:123456
[2020-04-12T10:54:18.771] [DEBUG] cheese - admin
[2020-04-12T10:54:18.820] [DEBUG] cheese - null
[2020-04-12T10:54:18.820] [DEBUG] cheese - null
[2020-04-12T11:57:57.781] [DEBUG] cheese - login => username:admin,password:123456
[2020-04-12T11:57:57.784] [DEBUG] cheese - admin
[2020-04-12T11:57:57.799] [DEBUG] cheese - null
[2020-04-12T11:57:57.800] [DEBUG] cheese - null
[2020-04-12T12:01:32.176] [DEBUG] cheese - login => username:admin,password:123456
[2020-04-12T12:01:32.177] [DEBUG] cheese - admin
[2020-04-12T12:01:32.184] [DEBUG] cheese - null
[2020-04-12T12:01:32.185] [DEBUG] cheese - null
[2020-04-12T12:03:01.535] [DEBUG] cheese - login => username:admin,password:123456
[2020-04-12T12:03:01.535] [DEBUG] cheese - admin
[2020-04-12T12:03:01.546] [DEBUG] cheese - null
[2020-04-12T12:03:01.546] [DEBUG] cheese - null
[2020-04-12T12:06:40.123] [DEBUG] cheese - login => username:admin,password:123456
[2020-04-12T12:06:40.127] [DEBUG] cheese - admin
[2020-04-12T12:06:40.137] [DEBUG] cheese - null
[2020-04-12T12:06:40.137] [DEBUG] cheese - null
[2020-04-12T12:12:27.260] [DEBUG] cheese - login => username:admin,password:123456
[2020-04-12T12:12:27.260] [DEBUG] cheese - admin
[2020-04-12T12:12:27.270] [DEBUG] cheese - null
[2020-04-12T12:12:27.271] [DEBUG] cheese - null
[2020-04-12T12:35:03.042] [DEBUG] cheese - login => username:admin,password:123456
[2020-04-12T12:35:03.046] [DEBUG] cheese - admin
[2020-04-12T12:35:03.060] [DEBUG] cheese - null
[2020-04-12T12:35:03.061] [DEBUG] cheese - null
[2020-04-12T14:59:26.046] [DEBUG] cheese - login => username:admin,password:123456
[2020-04-12T14:59:26.050] [DEBUG] cheese - admin
[2020-04-12T14:59:26.057] [DEBUG] cheese - null
[2020-04-12T14:59:26.058] [DEBUG] cheese - null
[2020-04-12T15:11:31.557] [DEBUG] cheese - login => username:admin,password:123456
[2020-04-12T15:11:31.560] [DEBUG] cheese - admin
[2020-04-12T15:11:31.568] [DEBUG] cheese - null
[2020-04-12T15:11:31.570] [DEBUG] cheese - null
[2020-04-12T15:19:03.292] [DEBUG] cheese - login => username:admin,password:123456
[2020-04-12T15:19:03.297] [DEBUG] cheese - admin
[2020-04-12T15:19:03.310] [DEBUG] cheese - null
[2020-04-12T15:19:03.310] [DEBUG] cheese - null
[2020-04-12T15:24:06.872] [DEBUG] cheese - login => username:admin,password:123456
[2020-04-12T15:24:06.872] [DEBUG] cheese - admin
[2020-04-12T15:24:06.896] [DEBUG] cheese - null
[2020-04-12T15:24:06.896] [DEBUG] cheese - null
[2020-04-12T15:26:15.842] [DEBUG] cheese - login => username:admin,password:123456
[2020-04-12T15:26:15.842] [DEBUG] cheese - admin
[2020-04-12T15:26:15.853] [DEBUG] cheese - null
[2020-04-12T15:26:15.854] [DEBUG] cheese - null
[2020-04-12T15:27:38.281] [DEBUG] cheese - login => username:admin,password:123456
[2020-04-12T15:27:38.281] [DEBUG] cheese - admin
[2020-04-12T15:27:38.296] [DEBUG] cheese - null
[2020-04-12T15:27:38.296] [DEBUG] cheese - null
[2020-04-12T15:28:07.927] [DEBUG] cheese - null
[2020-04-12T15:57:00.422] [DEBUG] cheese - login => username:admin,password:123456
[2020-04-12T15:57:00.426] [DEBUG] cheese - admin
[2020-04-12T15:57:00.453] [DEBUG] cheese - null
[2020-04-12T15:57:00.454] [DEBUG] cheese - null
[2020-04-12T16:04:50.846] [DEBUG] cheese - null
[2020-04-12T16:08:08.543] [DEBUG] cheese - null
[2020-04-12T16:17:46.353] [DEBUG] cheese - null
[2020-04-12T16:24:50.536] [DEBUG] cheese - null
[2020-04-12T16:28:10.543] [DEBUG] cheese - null
[2020-04-12T16:33:43.402] [DEBUG] cheese - login => username:admin,password:123456
[2020-04-12T16:33:43.406] [DEBUG] cheese - admin
[2020-04-12T16:33:43.428] [DEBUG] cheese - null
[2020-04-12T16:33:43.429] [DEBUG] cheese - null
[2020-04-12T16:34:34.211] [DEBUG] cheese - null
[2020-04-12T16:52:03.065] [DEBUG] cheese - login => username:admin,password:123456
[2020-04-12T16:52:03.070] [DEBUG] cheese - admin
[2020-04-12T16:52:03.097] [DEBUG] cheese - null
[2020-04-12T16:52:03.098] [DEBUG] cheese - null
[2020-04-12T16:52:58.504] [DEBUG] cheese - null
[2020-04-12T16:54:37.428] [DEBUG] cheese - null
[2020-04-12T17:06:58.112] [DEBUG] cheese - null
